[2023.12.17 22:01:09] I Всего логов, включая невалидные: 20 шт.
[2023.12.17 22:01:09] I Невалидные логи: 25.00 % (допустимо: 25 %).
[2023.12.17 22:01:09] I Время выполнения анализа: 0.002 секунд.
[2023.12.17 22:01:50] I Всего логов, включая невалидные: 20 шт.
[2023.12.17 22:01:50] I Невалидные логи: 0.00 % (допустимо: 25 %).
[2023.12.17 22:01:50] I Время выполнения анализа: 0.004 секунд.
[2023.12.17 22:03:03] I Всего логов, включая невалидные: 20 шт.
[2023.12.17 22:03:03] I Невалидные логи: 25.00 % (допустимо: 24 %).
[2023.12.17 22:03:03] I Превышен порог погрешности (24 %).
[2023.12.17 22:03:03] I Время выполнения анализа: 0.001 секунд.
[2023.12.17 22:03:03] E Обработка логов невозможна. Проверьте формат логирования.
[2023.12.17 22:53:48] I Всего логов, включая невалидные: 5000 шт.
[2023.12.17 22:53:48] I Невалидные логи: 0.02 % (допустимо: 25 %).
[2023.12.17 22:54:39] I Время выполнения анализа: 50.478 секунд.
[2023.12.17 22:56:52] E Отчет за указанную дату уже создан.
[2023.12.17 22:57:19] I Всего логов, включая невалидные: 100 шт.
[2023.12.17 22:57:19] I Невалидные логи: 39.00 % (допустимо: 25 %).
[2023.12.17 22:57:19] I Превышен порог погрешности (25 %).
[2023.12.17 22:57:19] I Время выполнения анализа: 0.001 секунд.
[2023.12.17 22:57:19] E Обработка логов невозможна. Проверьте формат логирования.
[2023.12.17 22:58:00] I Всего логов, включая невалидные: 100 шт.
[2023.12.17 22:58:00] I Невалидные логи: 39.00 % (допустимо: 50 %).
[2023.12.17 22:58:00] I Время выполнения анализа: 0.007 секунд.
[2023.12.17 23:00:29] I Всего логов, включая невалидные: 2500 шт.
[2023.12.17 23:00:29] I Невалидные логи: 0.00 % (допустимо: 50 %).
[2023.12.17 23:00:40] I Время выполнения анализа: 11.67 секунд.
[2023.12.17 23:02:23] I Всего логов, включая невалидные: 10000 шт.
[2023.12.17 23:02:23] I Невалидные логи: 9.75 % (допустимо: 50 %).
[2023.12.17 23:02:26] I Время выполнения анализа: 3.347 секунд.
[2023.12.17 23:06:05] I Всего логов, включая невалидные: 20 шт.
[2023.12.17 23:06:05] I Невалидные логи: 25.00 % (допустимо: 50 %).
[2023.12.17 23:06:05] I Время выполнения анализа: 0.004 секунд.
[2023.12.17 23:08:22] I Всего логов, включая невалидные: 20 шт.
[2023.12.17 23:08:22] I Невалидные логи: 0.00 % (допустимо: 50 %).
[2023.12.17 23:08:22] I Время выполнения анализа: 0.004 секунд.
[2023.12.20 03:10:56] E Отчет за указанную дату уже создан.
[2023.12.20 03:11:19] I Всего логов, включая невалидные: 20 шт.
[2023.12.20 03:11:19] I Невалидные логи: 0.00 % (допустимо: 50 %).
[2023.12.20 03:11:19] I Время выполнения анализа: 0.002 секунд.
[2023.12.20 03:11:19] I ----- Анализ завершен ----
[2023.12.20 03:12:08] I Всего логов, включая невалидные: 5000 шт.
[2023.12.20 03:12:08] I Невалидные логи: 0.02 % (допустимо: 50 %).
[2023.12.20 03:12:14] E Обработка логов остановлена.
Traceback (most recent call last):
  File "/home/dk/PycharmProjects/pyprotus/advanced_basics/log_analyzer.py", line 287, in process_lines
    res = check_line(line_url, log_iterator, first_time)
  File "/home/dk/PycharmProjects/pyprotus/advanced_basics/log_analyzer.py", line 216, in check_line
    log = next(log_iterator)
  File "/home/dk/PycharmProjects/pyprotus/advanced_basics/log_analyzer.py", line 161, in process_logs
    for line in log:
  File "/usr/lib/python3.10/codecs.py", line 319, in decode
    def decode(self, input, final=False):
KeyboardInterrupt
[2023.12.20 03:12:14] I Время выполнения анализа: 5.871 секунд.
[2023.12.20 03:12:14] E Причина: Принудительная остановка.
[2023.12.20 03:12:37] I Всего логов, включая невалидные: 5000 шт.
[2023.12.20 03:12:37] I Невалидные логи: 0.02 % (допустимо: 50 %).
[2023.12.20 03:13:23] I Время выполнения анализа: 46.336 секунд.
[2023.12.20 03:13:23] I ----- Анализ завершен ----
[2023.12.20 03:19:14] I ----- Анализ в процессе -----
[2023.12.20 03:19:14] I Всего логов, включая невалидные: 5000 шт.
[2023.12.20 03:19:14] I Невалидные логи: 0.02 % (допустимо: 50 %).
[2023.12.20 03:20:03] I Время выполнения анализа: 49.471 секунд.
[2023.12.20 03:20:03] I ----- Анализ завершен ----
[2023.12.20 03:30:05] I ----- Анализ в процессе -----
[2023.12.20 03:30:05] I Всего логов, включая невалидные: 5000 шт.
[2023.12.20 03:30:05] I Невалидные логи: 0.02 % (допустимо: 50 %).
[2023.12.20 03:30:53] I Время выполнения анализа: 48.015 секунд.
[2023.12.20 03:30:53] E Невозможно создать файл с отчетом: файл c HTML-шаблоном не найден.
